sparklefoa1/cw-db [ERROR] Tests run: 60, Failures: 7, Errors: 0, Skipped: 0
sparklefoa1/cw-stag [ERROR] Tests run: 53, Failures: 13, Errors: 0, Skipped: 0
